<?xml version="1.0" encoding="UTF-8"?>
<testsuite xmlns:xsi="http://www.w3.org/2001/XMLSchema-instance" xsi:noNamespaceSchemaLocation="https://maven.apache.org/surefire/maven-surefire-plugin/xsd/surefire-test-report.xsd" name="com.test.selenium.AppTest" time="137.502" tests="2" errors="0" skipped="0" failures="1">
  <properties>
[...]
</properties>
  <testcase name="webSiteTest" classname="com.test.selenium.AppTest" time="93.777"/>
  <testcase name="buttonVerMasTest" classname="com.test.selenium.AppTest" time="5.551">
    <failure message="expected:&lt;[Formacion - Choucair Testing]&gt; but was:&lt;[El subdominio no se Encuentra disponible]&gt;" type="org.junit.ComparisonFailure"><![CDATA[org.junit.ComparisonFailure: expected:<[Formacion - Choucair Testing]> but was:<[El subdominio no se Encuentra disponible]>
	at com.test.selenium.AppTest.buttonVerMasTest(AppTest.java:49)
]]></failure>
  </testcase>
</testsuite>